# JRE version: Java(TM) SE Runtime Environment (8.0_181-b13) (build 1.8.0_181-b13)
# Java VM: Java HotSpot(TM) 64-Bit Server VM (25.181-b13 mixed mode windows-amd64 compressed oops)
Heap:
 PSYoungGen      total 52224K, used 52206K [0x0000000780780000, 0x0000000786880000, 0x00000007c0000000)
  eden space 44032K, 100% used [0x0000000780780000,0x0000000783280000,0x0000000783280000)
  from space 8192K, 99% used [0x0000000783f80000,0x000000078477b9e8,0x0000000784780000)
  to   space 13312K, 35% used [0x0000000783280000,0x000000078370fc80,0x0000000783f80000)
 ParOldGen       total 93696K, used 15283K [0x0000000701600000, 0x0000000707180000, 0x0000000780780000)
  object space 93696K, 16% used [0x0000000701600000,0x00000007024ecc58,0x0000000707180000)
 Metaspace       used 23860K, capacity 24428K, committed 24496K, reserved 1071104K
  class space    used 2790K, capacity 2965K, committed 2992K, reserved 1048576K
GC Heap History (10 events):
Event: 2.347 GC heap after
Heap after GC invocations=3 (full 0):
 PSYoungGen      total 57344K, used 8184K [0x0000000780780000, 0x0000000784780000, 0x00000007c0000000)
  eden space 49152K, 0% used [0x0000000780780000,0x0000000780780000,0x0000000783780000)
  from space 8192K, 99% used [0x0000000783780000,0x0000000783f7e030,0x0000000783f80000)
  to   space 8192K, 0% used [0x0000000783f80000,0x0000000783f80000,0x0000000784780000)
 ParOldGen       total 131072K, used 3528K [0x0000000701600000, 0x0000000709600000, 0x0000000780780000)
  object space 131072K, 2% used [0x0000000701600000,0x0000000701972220,0x0000000709600000)
 Metaspace       used 16510K, capacity 16906K, committed 17024K, reserved 1064960K
  class space    used 1985K, capacity 2117K, committed 2176K, reserved 1048576K
}
Event: 3.062 GC heap before
{Heap before GC invocations=4 (full 0):
 PSYoungGen      total 57344K, used 57336K [0x0000000780780000, 0x0000000784780000, 0x00000007c0000000)
  eden space 49152K, 100% used [0x0000000780780000,0x0000000783780000,0x0000000783780000)
  from space 8192K, 99% used [0x0000000783780000,0x0000000783f7e030,0x0000000783f80000)
  to   space 8192K, 0% used [0x0000000783f80000,0x0000000783f80000,0x0000000784780000)
 ParOldGen       total 131072K, used 3528K [0x0000000701600000, 0x0000000709600000, 0x0000000780780000)
  object space 131072K, 2% used [0x0000000701600000,0x0000000701972220,0x0000000709600000)
 Metaspace       used 17431K, capacity 17920K, committed 18048K, reserved 1064960K
  class space    used 2037K, capacity 2158K, committed 2176K, reserved 1048576K
Event: 3.074 GC heap after
Heap after GC invocations=4 (full 0):
 PSYoungGen      total 57344K, used 8184K [0x0000000780780000, 0x0000000784780000, 0x00000007c0000000)
  eden space 49152K, 0% used [0x0000000780780000,0x0000000780780000,0x0000000783780000)
  from space 8192K, 99% used [0x0000000783f80000,0x000000078477e010,0x0000000784780000)
  to   space 8192K, 0% used [0x0000000783780000,0x0000000783780000,0x0000000783f80000)
 ParOldGen       total 131072K, used 6471K [0x0000000701600000, 0x0000000709600000, 0x0000000780780000)
  object space 131072K, 4% used [0x0000000701600000,0x0000000701c51d68,0x0000000709600000)
 Metaspace       used 17431K, capacity 17920K, committed 18048K, reserved 1064960K
  class space    used 2037K, capacity 2158K, committed 2176K, reserved 1048576K
}
Event: 3.511 GC heap before
{Heap before GC invocations=5 (full 0):
 PSYoungGen      total 57344K, used 38354K [0x0000000780780000, 0x0000000784780000, 0x00000007c0000000)
  eden space 49152K, 61% used [0x0000000780780000,0x00000007824f6a88,0x0000000783780000)
  from space 8192K, 99% used [0x0000000783f80000,0x000000078477e010,0x0000000784780000)
  to   space 8192K, 0% used [0x0000000783780000,0x0000000783780000,0x0000000783f80000)
 ParOldGen       total 131072K, used 6471K [0x0000000701600000, 0x0000000709600000, 0x0000000780780000)
  object space 131072K, 4% used [0x0000000701600000,0x0000000701c51d68,0x0000000709600000)
 Metaspace       used 20765K, capacity 21252K, committed 21296K, reserved 1069056K
  class space    used 2452K, capacity 2590K, committed 2608K, reserved 1048576K
Event: 3.523 GC heap after
Heap after GC invocations=5 (full 0):
 PSYoungGen      total 57344K, used 8184K [0x0000000780780000, 0x0000000784780000, 0x00000007c0000000)
  eden space 49152K, 0% used [0x0000000780780000,0x0000000780780000,0x0000000783780000)
  from space 8192K, 99% used [0x0000000783780000,0x0000000783f7e050,0x0000000783f80000)
  to   space 8192K, 0% used [0x0000000783f80000,0x0000000783f80000,0x0000000784780000)
 ParOldGen       total 131072K, used 10311K [0x0000000701600000, 0x0000000709600000, 0x0000000780780000)
  object space 131072K, 7% used [0x0000000701600000,0x0000000702011f78,0x0000000709600000)
 Metaspace       used 20765K, capacity 21252K, committed 21296K, reserved 1069056K
  class space    used 2452K, capacity 2590K, committed 2608K, reserved 1048576K
}
Event: 3.523 GC heap before
{Heap before GC invocations=6 (full 1):
 PSYoungGen      total 57344K, used 8184K [0x0000000780780000, 0x0000000784780000, 0x00000007c0000000)
  eden space 49152K, 0% used [0x0000000780780000,0x0000000780780000,0x0000000783780000)
  from space 8192K, 99% used [0x0000000783780000,0x0000000783f7e050,0x0000000783f80000)
  to   space 8192K, 0% used [0x0000000783f80000,0x0000000783f80000,0x0000000784780000)
 ParOldGen       total 131072K, used 10311K [0x0000000701600000, 0x0000000709600000, 0x0000000780780000)
  object space 131072K, 7% used [0x0000000701600000,0x0000000702011f78,0x0000000709600000)
 Metaspace       used 20765K, capacity 21252K, committed 21296K, reserved 1069056K
  class space    used 2452K, capacity 2590K, committed 2608K, reserved 1048576K
Event: 3.578 GC heap after
Heap after GC invocations=6 (full 1):
 PSYoungGen      total 57344K, used 0K [0x0000000780780000, 0x0000000784780000, 0x00000007c0000000)
  eden space 49152K, 0% used [0x0000000780780000,0x0000000780780000,0x0000000783780000)
  from space 8192K, 0% used [0x0000000783780000,0x0000000783780000,0x0000000783f80000)
  to   space 8192K, 0% used [0x0000000783f80000,0x0000000783f80000,0x0000000784780000)
 ParOldGen       total 93696K, used 14759K [0x0000000701600000, 0x0000000707180000, 0x0000000780780000)
  object space 93696K, 15% used [0x0000000701600000,0x0000000702469f80,0x0000000707180000)
 Metaspace       used 20765K, capacity 21252K, committed 21296K, reserved 1069056K
  class space    used 2452K, capacity 2590K, committed 2608K, reserved 1048576K
}
Event: 4.241 GC heap before
{Heap before GC invocations=7 (full 1):
 PSYoungGen      total 57344K, used 49152K [0x0000000780780000, 0x0000000784780000, 0x00000007c0000000)
  eden space 49152K, 100% used [0x0000000780780000,0x0000000783780000,0x0000000783780000)
  from space 8192K, 0% used [0x0000000783780000,0x0000000783780000,0x0000000783f80000)
  to   space 8192K, 0% used [0x0000000783f80000,0x0000000783f80000,0x0000000784780000)
 ParOldGen       total 93696K, used 14759K [0x0000000701600000, 0x0000000707180000, 0x0000000780780000)
  object space 93696K, 15% used [0x0000000701600000,0x0000000702469f80,0x0000000707180000)
 Metaspace       used 23823K, capacity 24424K, committed 24496K, reserved 1071104K
  class space    used 2789K, capacity 2965K, committed 2992K, reserved 1048576K
Event: 4.248 GC heap after
Heap after GC invocations=7 (full 1):
 PSYoungGen      total 52224K, used 8174K [0x0000000780780000, 0x0000000786880000, 0x00000007c0000000)
  eden space 44032K, 0% used [0x0000000780780000,0x0000000780780000,0x0000000783280000)
  from space 8192K, 99% used [0x0000000783f80000,0x000000078477b9e8,0x0000000784780000)
  to   space 13312K, 0% used [0x0000000783280000,0x0000000783280000,0x0000000783f80000)
 ParOldGen       total 93696K, used 15275K [0x0000000701600000, 0x0000000707180000, 0x0000000780780000)
  object space 93696K, 16% used [0x0000000701600000,0x00000007024eac58,0x0000000707180000)
 Metaspace       used 23823K, capacity 24424K, committed 24496K, reserved 1071104K
  class space    used 2789K, capacity 2965K, committed 2992K, reserved 1048576K
}
Event: 4.447 GC heap before
{Heap before GC invocations=8 (full 1):
 PSYoungGen      total 52224K, used 52206K [0x0000000780780000, 0x0000000786880000, 0x00000007c0000000)
  eden space 44032K, 100% used [0x0000000780780000,0x0000000783280000,0x0000000783280000)
  from space 8192K, 99% used [0x0000000783f80000,0x000000078477b9e8,0x0000000784780000)
  to   space 13312K, 0% used [0x0000000783280000,0x0000000783280000,0x0000000783f80000)
 ParOldGen       total 93696K, used 15275K [0x0000000701600000, 0x0000000707180000, 0x0000000780780000)
  object space 93696K, 16% used [0x0000000701600000,0x00000007024eac58,0x0000000707180000)
 Metaspace       used 23860K, capacity 24428K, committed 24496K, reserved 1071104K
  class space    used 2790K, capacity 2965K, committed 2992K, reserved 1048576K

